2025-05-20 02:36:34,955 INFO o.a.j.u.JMeterUtils: Setting Locale to en_EN
2025-05-20 02:36:34,994 INFO o.a.j.JMeter: Loading user properties from: /Users/fly/software/apache-jmeter-5.6.3/bin/user.properties
2025-05-20 02:36:34,995 INFO o.a.j.JMeter: Loading system properties from: /Users/fly/software/apache-jmeter-5.6.3/bin/system.properties
2025-05-20 02:36:35,008 INFO o.a.j.JMeter: Copyright (c) 1998-2024 The Apache Software Foundation
2025-05-20 02:36:35,008 INFO o.a.j.JMeter: Version 5.6.3
2025-05-20 02:36:35,008 INFO o.a.j.JMeter: java.version=1.8.0_91
2025-05-20 02:36:35,008 INFO o.a.j.JMeter: java.vm.name=Java HotSpot(TM) 64-Bit Server VM
2025-05-20 02:36:35,008 INFO o.a.j.JMeter: os.name=Mac OS X
2025-05-20 02:36:35,008 INFO o.a.j.JMeter: os.arch=x86_64
2025-05-20 02:36:35,008 INFO o.a.j.JMeter: os.version=10.16
2025-05-20 02:36:35,008 INFO o.a.j.JMeter: file.encoding=UTF-8
2025-05-20 02:36:35,009 INFO o.a.j.JMeter: java.awt.headless=true
2025-05-20 02:36:35,009 INFO o.a.j.JMeter: Max memory     =1073741824
2025-05-20 02:36:35,009 INFO o.a.j.JMeter: Available Processors =4
2025-05-20 02:36:35,016 INFO o.a.j.JMeter: Default Locale=English (EN)
2025-05-20 02:36:35,017 INFO o.a.j.JMeter: JMeter  Locale=English (EN)
2025-05-20 02:36:35,017 INFO o.a.j.JMeter: JMeterHome=/Users/fly/software/apache-jmeter-5.6.3
2025-05-20 02:36:35,017 INFO o.a.j.JMeter: user.dir  =/Users/fly/Documents/dev/self/hsbchomework
2025-05-20 02:36:35,017 INFO o.a.j.JMeter: PWD       =/Users/fly/Documents/dev/self/hsbchomework
2025-05-20 02:36:35,023 INFO o.a.j.JMeter: IP: 127.0.0.1 Name: FlydeMacBook-Pro.local FullName: localhost
2025-05-20 02:36:35,053 INFO o.a.j.JMeter: Setting property 'jmeter.reportgenerator.outputdir' to:'/Users/fly/Documents/dev/self/hsbchomework/target/jmeter-reports/report_20250520_023632'
2025-05-20 02:36:35,057 INFO o.a.j.s.FileServer: Default base='/Users/fly/Documents/dev/self/hsbchomework'
2025-05-20 02:36:35,064 INFO o.a.j.s.FileServer: Set new base='/Users/fly/Documents/dev/self/hsbchomework/src/test/jmeter'
2025-05-20 02:36:35,573 INFO o.a.j.s.SaveService: Testplan (JMX) version: 2.2. Testlog (JTL) version: 2.2
2025-05-20 02:36:35,632 INFO o.a.j.s.SaveService: Using SaveService properties file encoding UTF-8
2025-05-20 02:36:35,649 INFO o.a.j.s.SaveService: Using SaveService properties version 5.0
2025-05-20 02:36:35,814 INFO o.a.j.s.SaveService: Loading file: src/test/jmeter/HSBC_Transaction_Test_Plan.jmx
2025-05-20 02:36:36,497 INFO o.a.j.p.h.s.HTTPSamplerBase: Parser for text/html is org.apache.jmeter.protocol.http.parser.LagartoBasedHtmlParser
2025-05-20 02:36:36,497 INFO o.a.j.p.h.s.HTTPSamplerBase: Parser for application/xhtml+xml is org.apache.jmeter.protocol.http.parser.LagartoBasedHtmlParser
2025-05-20 02:36:36,502 INFO o.a.j.p.h.s.HTTPSamplerBase: Parser for application/xml is org.apache.jmeter.protocol.http.parser.LagartoBasedHtmlParser
2025-05-20 02:36:36,505 INFO o.a.j.p.h.s.HTTPSamplerBase: Parser for text/xml is org.apache.jmeter.protocol.http.parser.LagartoBasedHtmlParser
2025-05-20 02:36:36,505 INFO o.a.j.p.h.s.HTTPSamplerBase: Parser for text/vnd.wap.wml is org.apache.jmeter.protocol.http.parser.RegexpHTMLParser
2025-05-20 02:36:36,505 INFO o.a.j.p.h.s.HTTPSamplerBase: Parser for text/css is org.apache.jmeter.protocol.http.parser.CssParser
2025-05-20 02:36:39,338 INFO o.a.j.JMeter: Creating summariser <summary>
2025-05-20 02:36:39,348 INFO o.a.j.r.d.ReportGenerator: ReportGenerator will use for Parsing the separator: ','
2025-05-20 02:36:39,349 INFO o.a.j.r.d.ReportGenerator: Will generate report at end of test from  results file: target/jmeter-reports/results_20250520_023632.jtl
2025-05-20 02:36:39,349 INFO o.a.j.r.d.ReportGenerator: Reading report generator properties from: /Users/fly/software/apache-jmeter-5.6.3/bin/reportgenerator.properties
2025-05-20 02:36:39,350 INFO o.a.j.r.d.ReportGenerator: Merging with JMeter properties
2025-05-20 02:36:39,361 INFO o.a.j.r.c.ReportGeneratorConfiguration: Property 'jmeter.reportgenerator.temp_dir' not found, using default value 'temp' instead.
2025-05-20 02:36:39,368 INFO o.a.j.r.c.ReportGeneratorConfiguration: Property 'jmeter.reportgenerator.apdex_per_transaction' not found, using default value 'null' instead.
2025-05-20 02:36:39,368 INFO o.a.j.r.c.ReportGeneratorConfiguration: apdex_per_transaction is empty, not APDEX per transaction customization
2025-05-20 02:36:39,369 INFO o.a.j.r.c.ReportGeneratorConfiguration: Property 'jmeter.reportgenerator.sample_filter' not found, using default value 'null' instead.
2025-05-20 02:36:39,369 INFO o.a.j.r.c.ReportGeneratorConfiguration: Property 'jmeter.reportgenerator.report_title' not found, using default value 'null' instead.
2025-05-20 02:36:39,369 INFO o.a.j.r.c.ReportGeneratorConfiguration: Property 'jmeter.reportgenerator.start_date' not found, using default value 'null' instead.
2025-05-20 02:36:39,369 INFO o.a.j.r.c.ReportGeneratorConfiguration: Property 'jmeter.reportgenerator.end_date' not found, using default value 'null' instead.
2025-05-20 02:36:39,369 INFO o.a.j.r.c.ReportGeneratorConfiguration: Property 'jmeter.reportgenerator.date_format' not found, using default value 'null' instead.
2025-05-20 02:36:39,370 INFO o.a.j.r.c.ReportGeneratorConfiguration: Will use date range start date: null, end date: null
2025-05-20 02:36:39,385 INFO o.a.j.r.c.ReportGeneratorConfiguration: Property 'jmeter.reportgenerator.graph.totalTPS.exclude_controllers' not found, using default value 'false' instead.
2025-05-20 02:36:39,408 INFO o.a.j.r.c.ReportGeneratorConfiguration: Property 'jmeter.reportgenerator.graph.activeThreadsOverTime.exclude_controllers' not found, using default value 'false' instead.
2025-05-20 02:36:39,408 INFO o.a.j.r.c.ReportGeneratorConfiguration: Property 'jmeter.reportgenerator.graph.timeVsThreads.exclude_controllers' not found, using default value 'false' instead.
2025-05-20 02:36:39,411 INFO o.a.j.r.c.ReportGeneratorConfiguration: Property 'jmeter.reportgenerator.graph.responseTimeDistribution.exclude_controllers' not found, using default value 'false' instead.
2025-05-20 02:36:39,412 INFO o.a.j.r.c.ReportGeneratorConfiguration: Property 'jmeter.reportgenerator.graph.transactionsPerSecond.exclude_controllers' not found, using default value 'false' instead.
2025-05-20 02:36:39,414 INFO o.a.j.r.c.ReportGeneratorConfiguration: Property 'jmeter.reportgenerator.graph.responseTimePercentiles.exclude_controllers' not found, using default value 'false' instead.
2025-05-20 02:36:39,414 INFO o.a.j.r.c.ReportGeneratorConfiguration: Property 'jmeter.reportgenerator.graph.responseTimePercentilesOverTime.exclude_controllers' not found, using default value 'false' instead.
2025-05-20 02:36:39,414 INFO o.a.j.r.c.ReportGeneratorConfiguration: Property 'jmeter.reportgenerator.graph.responseTimesOverTime.exclude_controllers' not found, using default value 'false' instead.
2025-05-20 02:36:39,417 INFO o.a.j.r.c.ReportGeneratorConfiguration: Property 'jmeter.reportgenerator.graph.connectTimeOverTime.exclude_controllers' not found, using default value 'false' instead.
2025-05-20 02:36:39,425 INFO o.a.j.r.c.ReportGeneratorConfiguration: Property 'jmeter.reportgenerator.graph.latenciesOverTime.exclude_controllers' not found, using default value 'false' instead.
2025-05-20 02:36:39,428 INFO o.a.j.r.c.ReportGeneratorConfiguration: Property 'jmeter.reportgenerator.exporter.json.filters_only_sample_series' not found, using default value 'true' instead.
2025-05-20 02:36:39,428 INFO o.a.j.r.c.ReportGeneratorConfiguration: Property 'jmeter.reportgenerator.exporter.json.series_filter' not found, using default value '' instead.
2025-05-20 02:36:39,428 INFO o.a.j.r.c.ReportGeneratorConfiguration: Property 'jmeter.reportgenerator.exporter.json.show_controllers_only' not found, using default value 'false' instead.
2025-05-20 02:36:39,429 INFO o.a.j.r.c.ReportGeneratorConfiguration: Property 'jmeter.reportgenerator.exporter.html.filters_only_sample_series' not found, using default value 'true' instead.
2025-05-20 02:36:39,430 INFO o.a.j.r.c.ReportGeneratorConfiguration: Property 'jmeter.reportgenerator.exporter.html.series_filter' not found, using default value '' instead.
2025-05-20 02:36:39,430 INFO o.a.j.r.c.ReportGeneratorConfiguration: Property 'jmeter.reportgenerator.exporter.html.show_controllers_only' not found, using default value 'false' instead.
2025-05-20 02:36:39,459 INFO o.a.j.e.StandardJMeterEngine: Running the test!
2025-05-20 02:36:39,460 INFO o.a.j.s.SampleEvent: List of sample_variables: []
2025-05-20 02:36:39,460 INFO o.a.j.s.SampleEvent: List of sample_variables: []
2025-05-20 02:36:39,470 INFO o.a.j.e.u.CompoundVariable: Note: Function class names must contain the string: '.functions.'
2025-05-20 02:36:39,470 INFO o.a.j.e.u.CompoundVariable: Note: Function class names must not contain the string: '.gui.'
2025-05-20 02:36:40,734 INFO o.a.j.JMeter: Running test (1747679800734)
2025-05-20 02:36:40,832 INFO o.a.j.e.StandardJMeterEngine: Starting ThreadGroup: 1 : 账户创建测试
2025-05-20 02:36:40,833 INFO o.a.j.e.StandardJMeterEngine: Starting 1 threads for group 账户创建测试.
2025-05-20 02:36:40,833 INFO o.a.j.e.StandardJMeterEngine: Thread will continue on error
2025-05-20 02:36:40,833 INFO o.a.j.t.ThreadGroup: Starting thread group... number=1 threads=1 ramp-up=1 delayedStart=false
2025-05-20 02:36:40,842 INFO o.a.j.t.ThreadGroup: Started thread group number 1
2025-05-20 02:36:40,843 INFO o.a.j.e.StandardJMeterEngine: Starting ThreadGroup: 2 : 交易创建测试
2025-05-20 02:36:40,843 INFO o.a.j.e.StandardJMeterEngine: Starting 30 threads for group 交易创建测试.
2025-05-20 02:36:40,843 INFO o.a.j.e.StandardJMeterEngine: Thread will continue on error
2025-05-20 02:36:40,843 INFO o.a.j.t.ThreadGroup: Starting thread group... number=2 threads=30 ramp-up=10 delayedStart=false
2025-05-20 02:36:40,870 INFO o.a.j.t.JMeterThread: Thread started: 账户创建测试 1-1
2025-05-20 02:36:40,870 INFO o.a.j.t.JMeterThread: Thread started: 交易创建测试 2-1
2025-05-20 02:36:40,904 INFO o.a.j.t.ThreadGroup: Started thread group number 2
2025-05-20 02:36:40,904 INFO o.a.j.e.StandardJMeterEngine: Starting ThreadGroup: 3 : 分页查询测试
2025-05-20 02:36:40,904 INFO o.a.j.e.StandardJMeterEngine: Starting 50 threads for group 分页查询测试.
2025-05-20 02:36:40,904 INFO o.a.j.e.StandardJMeterEngine: Thread will continue on error
2025-05-20 02:36:40,904 INFO o.a.j.t.ThreadGroup: Starting thread group... number=3 threads=50 ramp-up=5 delayedStart=false
2025-05-20 02:36:40,906 INFO o.a.j.t.JMeterThread: Thread started: 分页查询测试 3-1
2025-05-20 02:36:40,928 INFO o.a.j.p.h.s.HTTPHCAbstractImpl: Local host = FlydeMacBook-Pro.local
2025-05-20 02:36:40,946 INFO o.a.j.p.h.s.HTTPHC4Impl: HTTP request retry count = 0
2025-05-20 02:36:40,950 INFO o.a.j.s.SampleResult: Note: Sample TimeStamps are START times
2025-05-20 02:36:40,950 INFO o.a.j.s.SampleResult: sampleresult.default.encoding is set to UTF-8
2025-05-20 02:36:40,950 INFO o.a.j.s.SampleResult: sampleresult.useNanoTime=true
2025-05-20 02:36:40,951 INFO o.a.j.s.SampleResult: sampleresult.nanoThreadSleep=5000
2025-05-20 02:36:40,982 INFO o.a.j.t.ThreadGroup: Started thread group number 3
2025-05-20 02:36:40,982 INFO o.a.j.e.StandardJMeterEngine: Starting ThreadGroup: 4 : 交易查询性能测试
2025-05-20 02:36:40,982 INFO o.a.j.e.StandardJMeterEngine: Starting 30 threads for group 交易查询性能测试.
2025-05-20 02:36:40,982 INFO o.a.j.e.StandardJMeterEngine: Thread will continue on error
2025-05-20 02:36:40,982 INFO o.a.j.t.ThreadGroup: Starting thread group... number=4 threads=30 ramp-up=5 delayedStart=false
2025-05-20 02:36:40,983 INFO o.a.j.t.JMeterThread: Thread started: 交易查询性能测试 4-1
2025-05-20 02:36:41,000 INFO o.a.j.t.ThreadGroup: Started thread group number 4
2025-05-20 02:36:41,001 INFO o.a.j.e.StandardJMeterEngine: All thread groups have been started
2025-05-20 02:36:41,006 INFO o.a.j.t.JMeterThread: Thread started: 分页查询测试 3-2
2025-05-20 02:36:41,107 INFO o.a.j.t.JMeterThread: Thread started: 分页查询测试 3-3
2025-05-20 02:36:41,150 INFO o.a.j.t.JMeterThread: Thread started: 交易查询性能测试 4-2
2025-05-20 02:36:41,206 INFO o.a.j.t.JMeterThread: Thread started: 交易创建测试 2-2
2025-05-20 02:36:41,209 INFO o.a.j.t.JMeterThread: Thread started: 分页查询测试 3-4
2025-05-20 02:36:41,321 INFO o.a.j.t.JMeterThread: Thread started: 交易查询性能测试 4-3
2025-05-20 02:36:41,326 INFO o.a.j.t.JMeterThread: Thread started: 分页查询测试 3-5
2025-05-20 02:36:41,408 INFO o.a.j.t.JMeterThread: Thread started: 分页查询测试 3-6
2025-05-20 02:36:41,486 INFO o.a.j.t.JMeterThread: Thread started: 交易查询性能测试 4-4
2025-05-20 02:36:41,509 INFO o.a.j.t.JMeterThread: Thread started: 分页查询测试 3-7
2025-05-20 02:36:41,513 INFO o.a.j.t.JMeterThread: Thread started: 交易创建测试 2-3
2025-05-20 02:36:41,610 INFO o.a.j.t.JMeterThread: Thread started: 分页查询测试 3-8
2025-05-20 02:36:41,651 INFO o.a.j.t.JMeterThread: Thread started: 交易查询性能测试 4-5
2025-05-20 02:36:41,706 INFO o.a.j.t.JMeterThread: Thread started: 分页查询测试 3-9
2025-05-20 02:36:41,808 INFO o.a.j.t.JMeterThread: Thread started: 分页查询测试 3-10
2025-05-20 02:36:41,818 INFO o.a.j.t.JMeterThread: Thread started: 交易查询性能测试 4-6
2025-05-20 02:36:41,846 INFO o.a.j.t.JMeterThread: Thread started: 交易创建测试 2-4
2025-05-20 02:36:41,906 INFO o.a.j.t.JMeterThread: Thread started: 分页查询测试 3-11
2025-05-20 02:36:41,986 INFO o.a.j.t.JMeterThread: Thread started: 交易查询性能测试 4-7
2025-05-20 02:36:42,007 INFO o.a.j.t.JMeterThread: Thread started: 分页查询测试 3-12
2025-05-20 02:36:42,109 INFO o.a.j.t.JMeterThread: Thread started: 分页查询测试 3-13
2025-05-20 02:36:42,157 INFO o.a.j.t.JMeterThread: Thread started: 交易查询性能测试 4-8
2025-05-20 02:36:42,177 INFO o.a.j.t.JMeterThread: Thread started: 交易创建测试 2-5
2025-05-20 02:36:42,211 INFO o.a.j.t.JMeterThread: Thread started: 分页查询测试 3-14
2025-05-20 02:36:42,309 INFO o.a.j.t.JMeterThread: Thread started: 分页查询测试 3-15
2025-05-20 02:36:42,322 INFO o.a.j.t.JMeterThread: Thread started: 交易查询性能测试 4-9
2025-05-20 02:36:42,407 INFO o.a.j.t.JMeterThread: Thread started: 分页查询测试 3-16
2025-05-20 02:36:42,487 INFO o.a.j.t.JMeterThread: Thread started: 交易查询性能测试 4-10
2025-05-20 02:36:42,507 INFO o.a.j.t.JMeterThread: Thread started: 分页查询测试 3-17
2025-05-20 02:36:42,510 INFO o.a.j.t.JMeterThread: Thread started: 交易创建测试 2-6
2025-05-20 02:36:42,609 INFO o.a.j.t.JMeterThread: Thread started: 分页查询测试 3-18
2025-05-20 02:36:42,655 INFO o.a.j.t.JMeterThread: Thread started: 交易查询性能测试 4-11
2025-05-20 02:36:42,709 INFO o.a.j.t.JMeterThread: Thread started: 分页查询测试 3-19
2025-05-20 02:36:42,808 INFO o.a.j.t.JMeterThread: Thread started: 分页查询测试 3-20
2025-05-20 02:36:42,822 INFO o.a.j.t.JMeterThread: Thread started: 交易查询性能测试 4-12
2025-05-20 02:36:42,847 INFO o.a.j.t.JMeterThread: Thread started: 交易创建测试 2-7
2025-05-20 02:36:42,906 INFO o.a.j.t.JMeterThread: Thread started: 分页查询测试 3-21
2025-05-20 02:36:42,962 INFO o.a.j.t.JMeterThread: Thread is done: 账户创建测试 1-1
2025-05-20 02:36:42,962 INFO o.a.j.t.JMeterThread: Thread finished: 账户创建测试 1-1
2025-05-20 02:36:42,987 INFO o.a.j.t.JMeterThread: Thread started: 交易查询性能测试 4-13
2025-05-20 02:36:43,006 INFO o.a.j.t.JMeterThread: Thread started: 分页查询测试 3-22
2025-05-20 02:36:43,107 INFO o.a.j.t.JMeterThread: Thread started: 分页查询测试 3-23
2025-05-20 02:36:43,159 INFO o.a.j.t.JMeterThread: Thread started: 交易查询性能测试 4-14
2025-05-20 02:36:43,179 INFO o.a.j.t.JMeterThread: Thread started: 交易创建测试 2-8
2025-05-20 02:36:43,209 INFO o.a.j.t.JMeterThread: Thread started: 分页查询测试 3-24
2025-05-20 02:36:43,306 INFO o.a.j.t.JMeterThread: Thread started: 分页查询测试 3-25
2025-05-20 02:36:43,323 INFO o.a.j.t.JMeterThread: Thread started: 交易查询性能测试 4-15
2025-05-20 02:36:43,407 INFO o.a.j.t.JMeterThread: Thread started: 分页查询测试 3-26
2025-05-20 02:36:43,488 INFO o.a.j.t.JMeterThread: Thread started: 交易查询性能测试 4-16
2025-05-20 02:36:43,508 INFO o.a.j.t.JMeterThread: Thread started: 分页查询测试 3-27
2025-05-20 02:36:43,512 INFO o.a.j.t.JMeterThread: Thread started: 交易创建测试 2-9
2025-05-20 02:36:43,609 INFO o.a.j.t.JMeterThread: Thread started: 分页查询测试 3-28
2025-05-20 02:36:43,657 INFO o.a.j.t.JMeterThread: Thread started: 交易查询性能测试 4-17
2025-05-20 02:36:43,705 INFO o.a.j.t.JMeterThread: Thread started: 分页查询测试 3-29
2025-05-20 02:36:43,805 INFO o.a.j.t.JMeterThread: Thread started: 分页查询测试 3-30
2025-05-20 02:36:43,824 INFO o.a.j.t.JMeterThread: Thread started: 交易查询性能测试 4-18
2025-05-20 02:36:43,844 INFO o.a.j.t.JMeterThread: Thread started: 交易创建测试 2-10
2025-05-20 02:36:43,905 INFO o.a.j.t.JMeterThread: Thread started: 分页查询测试 3-31
2025-05-20 02:36:43,989 INFO o.a.j.t.JMeterThread: Thread started: 交易查询性能测试 4-19
2025-05-20 02:36:44,010 INFO o.a.j.t.JMeterThread: Thread started: 分页查询测试 3-32
2025-05-20 02:36:44,110 INFO o.a.j.t.JMeterThread: Thread started: 分页查询测试 3-33
2025-05-20 02:36:44,159 INFO o.a.j.t.JMeterThread: Thread started: 交易查询性能测试 4-20
2025-05-20 02:36:44,177 INFO o.a.j.t.JMeterThread: Thread started: 交易创建测试 2-11
2025-05-20 02:36:44,209 INFO o.a.j.t.JMeterThread: Thread started: 分页查询测试 3-34
2025-05-20 02:36:44,305 INFO o.a.j.t.JMeterThread: Thread started: 分页查询测试 3-35
2025-05-20 02:36:44,323 INFO o.a.j.t.JMeterThread: Thread started: 交易查询性能测试 4-21
2025-05-20 02:36:44,406 INFO o.a.j.t.JMeterThread: Thread started: 分页查询测试 3-36
2025-05-20 02:36:44,491 INFO o.a.j.t.JMeterThread: Thread started: 交易查询性能测试 4-22
2025-05-20 02:36:44,505 INFO o.a.j.t.JMeterThread: Thread started: 分页查询测试 3-37
2025-05-20 02:36:44,507 INFO o.a.j.t.JMeterThread: Thread started: 交易创建测试 2-12
2025-05-20 02:36:44,606 INFO o.a.j.t.JMeterThread: Thread started: 分页查询测试 3-38
2025-05-20 02:36:44,660 INFO o.a.j.t.JMeterThread: Thread started: 交易查询性能测试 4-23
2025-05-20 02:36:44,706 INFO o.a.j.t.JMeterThread: Thread started: 分页查询测试 3-39
2025-05-20 02:36:44,807 INFO o.a.j.t.JMeterThread: Thread started: 分页查询测试 3-40
2025-05-20 02:36:44,828 INFO o.a.j.t.JMeterThread: Thread started: 交易查询性能测试 4-24
2025-05-20 02:36:44,847 INFO o.a.j.t.JMeterThread: Thread started: 交易创建测试 2-13
2025-05-20 02:36:44,910 INFO o.a.j.t.JMeterThread: Thread started: 分页查询测试 3-41
2025-05-20 02:36:44,990 INFO o.a.j.t.JMeterThread: Thread started: 交易查询性能测试 4-25
2025-05-20 02:36:45,008 INFO o.a.j.t.JMeterThread: Thread started: 分页查询测试 3-42
2025-05-20 02:36:45,107 INFO o.a.j.t.JMeterThread: Thread started: 分页查询测试 3-43
2025-05-20 02:36:45,159 INFO o.a.j.t.JMeterThread: Thread started: 交易查询性能测试 4-26
2025-05-20 02:36:45,176 INFO o.a.j.t.JMeterThread: Thread started: 交易创建测试 2-14
2025-05-20 02:36:45,208 INFO o.a.j.t.JMeterThread: Thread started: 分页查询测试 3-44
2025-05-20 02:36:45,308 INFO o.a.j.t.JMeterThread: Thread started: 分页查询测试 3-45
2025-05-20 02:36:45,329 INFO o.a.j.t.JMeterThread: Thread started: 交易查询性能测试 4-27
2025-05-20 02:36:45,404 INFO o.a.j.t.JMeterThread: Thread started: 分页查询测试 3-46
2025-05-20 02:36:45,493 INFO o.a.j.t.JMeterThread: Thread started: 交易查询性能测试 4-28
2025-05-20 02:36:45,505 INFO o.a.j.t.JMeterThread: Thread started: 分页查询测试 3-47
2025-05-20 02:36:45,507 INFO o.a.j.t.JMeterThread: Thread started: 交易创建测试 2-15
2025-05-20 02:36:45,606 INFO o.a.j.t.JMeterThread: Thread started: 分页查询测试 3-48
2025-05-20 02:36:45,662 INFO o.a.j.t.JMeterThread: Thread started: 交易查询性能测试 4-29
2025-05-20 02:36:45,707 INFO o.a.j.t.JMeterThread: Thread started: 分页查询测试 3-49
2025-05-20 02:36:45,807 INFO o.a.j.t.JMeterThread: Thread started: 分页查询测试 3-50
2025-05-20 02:36:45,827 INFO o.a.j.t.JMeterThread: Thread started: 交易查询性能测试 4-30
2025-05-20 02:36:45,843 INFO o.a.j.t.JMeterThread: Thread started: 交易创建测试 2-16
2025-05-20 02:36:46,174 INFO o.a.j.t.JMeterThread: Thread started: 交易创建测试 2-17
2025-05-20 02:36:46,510 INFO o.a.j.t.JMeterThread: Thread started: 交易创建测试 2-18
2025-05-20 02:36:46,841 INFO o.a.j.t.JMeterThread: Thread started: 交易创建测试 2-19
2025-05-20 02:36:47,173 INFO o.a.j.t.JMeterThread: Thread started: 交易创建测试 2-20
2025-05-20 02:36:47,505 INFO o.a.j.t.JMeterThread: Thread started: 交易创建测试 2-21
2025-05-20 02:36:47,840 INFO o.a.j.t.JMeterThread: Thread started: 交易创建测试 2-22
2025-05-20 02:36:48,172 INFO o.a.j.t.JMeterThread: Thread started: 交易创建测试 2-23
2025-05-20 02:36:48,504 INFO o.a.j.t.JMeterThread: Thread started: 交易创建测试 2-24
2025-05-20 02:36:48,837 INFO o.a.j.t.JMeterThread: Thread started: 交易创建测试 2-25
2025-05-20 02:36:49,170 INFO o.a.j.t.JMeterThread: Thread started: 交易创建测试 2-26
2025-05-20 02:36:49,502 INFO o.a.j.t.JMeterThread: Thread started: 交易创建测试 2-27
2025-05-20 02:36:49,836 INFO o.a.j.t.JMeterThread: Thread started: 交易创建测试 2-28
2025-05-20 02:36:50,168 INFO o.a.j.t.JMeterThread: Thread started: 交易创建测试 2-29
2025-05-20 02:36:50,503 INFO o.a.j.t.JMeterThread: Thread started: 交易创建测试 2-30
2025-05-20 02:36:53,533 INFO o.a.j.t.JMeterThread: Thread is done: 交易查询性能测试 4-25
2025-05-20 02:36:53,533 INFO o.a.j.t.JMeterThread: Thread finished: 交易查询性能测试 4-25
2025-05-20 02:36:54,729 INFO o.a.j.t.JMeterThread: Thread is done: 交易查询性能测试 4-11
2025-05-20 02:36:54,730 INFO o.a.j.t.JMeterThread: Thread finished: 交易查询性能测试 4-11
2025-05-20 02:36:54,732 INFO o.a.j.t.JMeterThread: Thread is done: 交易查询性能测试 4-6
2025-05-20 02:36:54,732 INFO o.a.j.t.JMeterThread: Thread finished: 交易查询性能测试 4-6
2025-05-20 02:36:54,754 INFO o.a.j.t.JMeterThread: Thread is done: 交易查询性能测试 4-2
2025-05-20 02:36:54,754 INFO o.a.j.t.JMeterThread: Thread finished: 交易查询性能测试 4-2
2025-05-20 02:36:56,469 INFO o.a.j.t.JMeterThread: Thread is done: 交易查询性能测试 4-26
2025-05-20 02:36:56,469 INFO o.a.j.t.JMeterThread: Thread finished: 交易查询性能测试 4-26
2025-05-20 02:36:58,811 INFO o.a.j.t.JMeterThread: Thread is done: 交易查询性能测试 4-27
2025-05-20 02:36:58,811 INFO o.a.j.t.JMeterThread: Thread finished: 交易查询性能测试 4-27
2025-05-20 02:36:59,807 INFO o.a.j.t.JMeterThread: Thread is done: 交易查询性能测试 4-5
2025-05-20 02:36:59,808 INFO o.a.j.t.JMeterThread: Thread finished: 交易查询性能测试 4-5
2025-05-20 02:36:59,922 INFO o.a.j.t.JMeterThread: Thread is done: 交易查询性能测试 4-13
2025-05-20 02:36:59,922 INFO o.a.j.t.JMeterThread: Thread finished: 交易查询性能测试 4-13
2025-05-20 02:37:00,007 INFO o.a.j.r.Summariser: summary +   2431 in 00:00:19 =  126.2/s Avg:   654 Min:     1 Max:  5829 Err:     2 (0.08%) Active: 102 Started: 111 Finished: 9
2025-05-20 02:37:00,010 INFO o.a.j.t.JMeterThread: Thread is done: 交易查询性能测试 4-7
2025-05-20 02:37:00,010 INFO o.a.j.t.JMeterThread: Thread finished: 交易查询性能测试 4-7
2025-05-20 02:37:00,157 INFO o.a.j.t.JMeterThread: Thread is done: 交易查询性能测试 4-4
2025-05-20 02:37:00,157 INFO o.a.j.t.JMeterThread: Thread finished: 交易查询性能测试 4-4
2025-05-20 02:37:00,165 INFO o.a.j.t.JMeterThread: Thread is done: 交易查询性能测试 4-12
2025-05-20 02:37:00,165 INFO o.a.j.t.JMeterThread: Thread finished: 交易查询性能测试 4-12
2025-05-20 02:37:00,278 INFO o.a.j.t.JMeterThread: Thread is done: 交易查询性能测试 4-15
2025-05-20 02:37:00,278 INFO o.a.j.t.JMeterThread: Thread finished: 交易查询性能测试 4-15
2025-05-20 02:37:00,283 INFO o.a.j.t.JMeterThread: Thread is done: 交易查询性能测试 4-8
2025-05-20 02:37:00,284 INFO o.a.j.t.JMeterThread: Thread finished: 交易查询性能测试 4-8
2025-05-20 02:37:00,320 INFO o.a.j.t.JMeterThread: Thread is done: 交易查询性能测试 4-28
2025-05-20 02:37:00,320 INFO o.a.j.t.JMeterThread: Thread finished: 交易查询性能测试 4-28
2025-05-20 02:37:00,423 INFO o.a.j.t.JMeterThread: Thread is done: 交易查询性能测试 4-9
2025-05-20 02:37:00,423 INFO o.a.j.t.JMeterThread: Thread finished: 交易查询性能测试 4-9
2025-05-20 02:37:00,662 INFO o.a.j.t.JMeterThread: Thread is done: 交易查询性能测试 4-29
2025-05-20 02:37:00,662 INFO o.a.j.t.JMeterThread: Thread finished: 交易查询性能测试 4-29
2025-05-20 02:37:04,570 INFO o.a.j.t.JMeterThread: Thread is done: 交易查询性能测试 4-1
2025-05-20 02:37:04,570 INFO o.a.j.t.JMeterThread: Thread finished: 交易查询性能测试 4-1
2025-05-20 02:37:04,804 INFO o.a.j.t.JMeterThread: Thread is done: 交易查询性能测试 4-21
2025-05-20 02:37:04,804 INFO o.a.j.t.JMeterThread: Thread finished: 交易查询性能测试 4-21
2025-05-20 02:37:05,403 INFO o.a.j.t.JMeterThread: Thread is done: 交易查询性能测试 4-24
2025-05-20 02:37:05,403 INFO o.a.j.t.JMeterThread: Thread finished: 交易查询性能测试 4-24
2025-05-20 02:37:07,827 INFO o.a.j.t.JMeterThread: Thread is done: 交易查询性能测试 4-19
2025-05-20 02:37:07,827 INFO o.a.j.t.JMeterThread: Thread finished: 交易查询性能测试 4-19
2025-05-20 02:37:07,872 INFO o.a.j.t.JMeterThread: Thread is done: 交易查询性能测试 4-17
2025-05-20 02:37:07,872 INFO o.a.j.t.JMeterThread: Thread finished: 交易查询性能测试 4-17
2025-05-20 02:37:08,133 INFO o.a.j.t.JMeterThread: Thread is done: 交易查询性能测试 4-30
2025-05-20 02:37:08,133 INFO o.a.j.t.JMeterThread: Thread finished: 交易查询性能测试 4-30
2025-05-20 02:37:08,148 INFO o.a.j.t.JMeterThread: Thread is done: 交易查询性能测试 4-10
2025-05-20 02:37:08,148 INFO o.a.j.t.JMeterThread: Thread finished: 交易查询性能测试 4-10
2025-05-20 02:37:08,150 INFO o.a.j.t.JMeterThread: Thread is done: 交易查询性能测试 4-3
2025-05-20 02:37:08,150 INFO o.a.j.t.JMeterThread: Thread finished: 交易查询性能测试 4-3
2025-05-20 02:37:08,439 INFO o.a.j.t.JMeterThread: Thread is done: 交易查询性能测试 4-16
2025-05-20 02:37:08,440 INFO o.a.j.t.JMeterThread: Thread finished: 交易查询性能测试 4-16
2025-05-20 02:37:08,933 INFO o.a.j.t.JMeterThread: Thread is done: 交易查询性能测试 4-22
2025-05-20 02:37:08,933 INFO o.a.j.t.JMeterThread: Thread finished: 交易查询性能测试 4-22
2025-05-20 02:37:08,974 INFO o.a.j.t.JMeterThread: Thread is done: 交易查询性能测试 4-18
2025-05-20 02:37:08,974 INFO o.a.j.t.JMeterThread: Thread finished: 交易查询性能测试 4-18
2025-05-20 02:37:11,522 INFO o.a.j.t.JMeterThread: Thread is done: 交易查询性能测试 4-20
2025-05-20 02:37:11,522 INFO o.a.j.t.JMeterThread: Thread finished: 交易查询性能测试 4-20
2025-05-20 02:37:11,557 INFO o.a.j.t.JMeterThread: Thread is done: 交易查询性能测试 4-14
2025-05-20 02:37:11,557 INFO o.a.j.t.JMeterThread: Thread finished: 交易查询性能测试 4-14
2025-05-20 02:37:15,323 INFO o.a.j.t.JMeterThread: Thread is done: 交易查询性能测试 4-23
2025-05-20 02:37:15,323 INFO o.a.j.t.JMeterThread: Thread finished: 交易查询性能测试 4-23
2025-05-20 02:37:30,183 INFO o.a.j.r.Summariser: summary +   1703 in 00:00:30 =   56.4/s Avg:  1509 Min:     1 Max:  8173 Err:     0 (0.00%) Active: 80 Started: 111 Finished: 31
2025-05-20 02:37:30,184 INFO o.a.j.r.Summariser: summary =   4134 in 00:00:49 =   83.6/s Avg:  1006 Min:     1 Max:  8173 Err:     2 (0.05%)
2025-05-20 02:38:00,012 INFO o.a.j.r.Summariser: summary +   1031 in 00:00:30 =   34.6/s Avg:  2359 Min:   117 Max:  5231 Err:     0 (0.00%) Active: 80 Started: 111 Finished: 31
2025-05-20 02:38:00,013 INFO o.a.j.r.Summariser: summary =   5165 in 00:01:19 =   65.2/s Avg:  1276 Min:     1 Max:  8173 Err:     2 (0.04%)
2025-05-20 02:38:30,018 INFO o.a.j.r.Summariser: summary +   1359 in 00:00:30 =   45.3/s Avg:  1764 Min:   256 Max:  3139 Err:     0 (0.00%) Active: 80 Started: 111 Finished: 31
2025-05-20 02:38:30,018 INFO o.a.j.r.Summariser: summary =   6524 in 00:01:49 =   59.7/s Avg:  1378 Min:     1 Max:  8173 Err:     2 (0.03%)
2025-05-20 02:39:00,043 INFO o.a.j.r.Summariser: summary +   1291 in 00:00:30 =   43.0/s Avg:  1856 Min:   157 Max:  3699 Err:     0 (0.00%) Active: 80 Started: 111 Finished: 31
2025-05-20 02:39:00,044 INFO o.a.j.r.Summariser: summary =   7815 in 00:02:19 =   56.1/s Avg:  1457 Min:     1 Max:  8173 Err:     2 (0.03%)
2025-05-20 02:39:30,025 INFO o.a.j.r.Summariser: summary +   1352 in 00:00:30 =   45.1/s Avg:  1778 Min:   241 Max:  3512 Err:     0 (0.00%) Active: 80 Started: 111 Finished: 31
2025-05-20 02:39:30,026 INFO o.a.j.r.Summariser: summary =   9167 in 00:02:49 =   54.1/s Avg:  1504 Min:     1 Max:  8173 Err:     2 (0.02%)
2025-05-20 02:40:00,011 INFO o.a.j.r.Summariser: summary +   1481 in 00:00:30 =   49.4/s Avg:  1621 Min:   104 Max:  3249 Err:     0 (0.00%) Active: 80 Started: 111 Finished: 31
2025-05-20 02:40:00,012 INFO o.a.j.r.Summariser: summary =  10648 in 00:03:19 =   53.4/s Avg:  1521 Min:     1 Max:  8173 Err:     2 (0.02%)
2025-05-20 02:40:30,005 INFO o.a.j.r.Summariser: summary +   1315 in 00:00:30 =   43.8/s Avg:  1825 Min:    78 Max:  4596 Err:     0 (0.00%) Active: 80 Started: 111 Finished: 31
2025-05-20 02:40:30,005 INFO o.a.j.r.Summariser: summary =  11963 in 00:03:49 =   52.2/s Avg:  1554 Min:     1 Max:  8173 Err:     2 (0.02%)
2025-05-20 02:41:00,014 INFO o.a.j.r.Summariser: summary +   1404 in 00:00:30 =   46.8/s Avg:  1712 Min:   112 Max:  3311 Err:     0 (0.00%) Active: 80 Started: 111 Finished: 31
2025-05-20 02:41:00,015 INFO o.a.j.r.Summariser: summary =  13367 in 00:04:19 =   51.6/s Avg:  1571 Min:     1 Max:  8173 Err:     2 (0.01%)
2025-05-20 02:41:30,111 INFO o.a.j.r.Summariser: summary +   1320 in 00:00:30 =   43.9/s Avg:  1808 Min:  1213 Max:  2796 Err:     0 (0.00%) Active: 80 Started: 111 Finished: 31
2025-05-20 02:41:30,111 INFO o.a.j.r.Summariser: summary =  14687 in 00:04:49 =   50.8/s Avg:  1592 Min:     1 Max:  8173 Err:     2 (0.01%)
2025-05-20 02:42:00,024 INFO o.a.j.r.Summariser: summary +   1395 in 00:00:30 =   46.6/s Avg:  1719 Min:   120 Max:  3405 Err:     0 (0.00%) Active: 80 Started: 111 Finished: 31
2025-05-20 02:42:00,024 INFO o.a.j.r.Summariser: summary =  16082 in 00:05:19 =   50.4/s Avg:  1603 Min:     1 Max:  8173 Err:     2 (0.01%)
2025-05-20 02:42:30,050 INFO o.a.j.r.Summariser: summary +   1317 in 00:00:30 =   43.9/s Avg:  1822 Min:   104 Max:  3586 Err:     0 (0.00%) Active: 80 Started: 111 Finished: 31
2025-05-20 02:42:30,050 INFO o.a.j.r.Summariser: summary =  17399 in 00:05:49 =   49.8/s Avg:  1620 Min:     1 Max:  8173 Err:     2 (0.01%)
2025-05-20 02:42:52,853 INFO o.a.j.t.JMeterThread: Thread is done: 交易创建测试 2-4
2025-05-20 02:42:52,853 INFO o.a.j.t.JMeterThread: Thread finished: 交易创建测试 2-4
2025-05-20 02:42:53,584 INFO o.a.j.t.JMeterThread: Thread is done: 交易创建测试 2-2
2025-05-20 02:42:53,585 INFO o.a.j.t.JMeterThread: Thread finished: 交易创建测试 2-2
2025-05-20 02:42:54,893 INFO o.a.j.t.JMeterThread: Thread is done: 交易创建测试 2-17
2025-05-20 02:42:54,894 INFO o.a.j.t.JMeterThread: Thread finished: 交易创建测试 2-17
2025-05-20 02:42:55,422 INFO o.a.j.t.JMeterThread: Thread is done: 交易创建测试 2-13
2025-05-20 02:42:55,423 INFO o.a.j.t.JMeterThread: Thread finished: 交易创建测试 2-13
2025-05-20 02:42:56,045 INFO o.a.j.t.JMeterThread: Thread is done: 交易创建测试 2-10
2025-05-20 02:42:56,045 INFO o.a.j.t.JMeterThread: Thread finished: 交易创建测试 2-10
2025-05-20 02:42:56,758 INFO o.a.j.t.JMeterThread: Thread is done: 交易创建测试 2-1
2025-05-20 02:42:56,758 INFO o.a.j.t.JMeterThread: Thread finished: 交易创建测试 2-1
2025-05-20 02:42:56,764 INFO o.a.j.t.JMeterThread: Thread is done: 交易创建测试 2-3
2025-05-20 02:42:56,764 INFO o.a.j.t.JMeterThread: Thread finished: 交易创建测试 2-3
2025-05-20 02:42:57,613 INFO o.a.j.t.JMeterThread: Thread is done: 交易创建测试 2-12
2025-05-20 02:42:57,614 INFO o.a.j.t.JMeterThread: Thread finished: 交易创建测试 2-12
2025-05-20 02:42:57,614 INFO o.a.j.t.JMeterThread: Thread is done: 交易创建测试 2-8
2025-05-20 02:42:57,614 INFO o.a.j.t.JMeterThread: Thread finished: 交易创建测试 2-8
2025-05-20 02:42:58,624 INFO o.a.j.t.JMeterThread: Thread is done: 交易创建测试 2-7
2025-05-20 02:42:58,624 INFO o.a.j.t.JMeterThread: Thread finished: 交易创建测试 2-7
2025-05-20 02:42:58,624 INFO o.a.j.t.JMeterThread: Thread is done: 交易创建测试 2-11
2025-05-20 02:42:58,625 INFO o.a.j.t.JMeterThread: Thread finished: 交易创建测试 2-11
2025-05-20 02:42:59,112 INFO o.a.j.t.JMeterThread: Thread is done: 交易创建测试 2-5
2025-05-20 02:42:59,113 INFO o.a.j.t.JMeterThread: Thread finished: 交易创建测试 2-5
2025-05-20 02:42:59,238 INFO o.a.j.t.JMeterThread: Thread is done: 交易创建测试 2-6
2025-05-20 02:42:59,238 INFO o.a.j.t.JMeterThread: Thread finished: 交易创建测试 2-6
2025-05-20 02:42:59,277 INFO o.a.j.t.JMeterThread: Thread is done: 交易创建测试 2-25
2025-05-20 02:42:59,277 INFO o.a.j.t.JMeterThread: Thread finished: 交易创建测试 2-25
2025-05-20 02:42:59,674 INFO o.a.j.t.JMeterThread: Thread is done: 交易创建测试 2-9
2025-05-20 02:42:59,674 INFO o.a.j.t.JMeterThread: Thread finished: 交易创建测试 2-9
2025-05-20 02:42:59,731 INFO o.a.j.t.JMeterThread: Thread is done: 交易创建测试 2-15
2025-05-20 02:42:59,731 INFO o.a.j.t.JMeterThread: Thread finished: 交易创建测试 2-15
2025-05-20 02:42:59,847 INFO o.a.j.t.JMeterThread: Thread is done: 交易创建测试 2-30
2025-05-20 02:42:59,848 INFO o.a.j.t.JMeterThread: Thread finished: 交易创建测试 2-30
2025-05-20 02:43:00,011 INFO o.a.j.r.Summariser: summary +   1224 in 00:00:30 =   40.9/s Avg:  1933 Min:   127 Max:  4901 Err:     0 (0.00%) Active: 63 Started: 111 Finished: 48
2025-05-20 02:43:00,012 INFO o.a.j.r.Summariser: summary =  18623 in 00:06:19 =   49.1/s Avg:  1640 Min:     1 Max:  8173 Err:     2 (0.01%)
2025-05-20 02:43:00,608 INFO o.a.j.t.JMeterThread: Thread is done: 交易创建测试 2-16
2025-05-20 02:43:00,609 INFO o.a.j.t.JMeterThread: Thread finished: 交易创建测试 2-16
2025-05-20 02:43:00,985 INFO o.a.j.t.JMeterThread: Thread is done: 交易创建测试 2-14
2025-05-20 02:43:00,985 INFO o.a.j.t.JMeterThread: Thread finished: 交易创建测试 2-14
2025-05-20 02:43:01,082 INFO o.a.j.t.JMeterThread: Thread is done: 交易创建测试 2-19
2025-05-20 02:43:01,082 INFO o.a.j.t.JMeterThread: Thread finished: 交易创建测试 2-19
2025-05-20 02:43:01,143 INFO o.a.j.t.JMeterThread: Thread is done: 交易创建测试 2-28
2025-05-20 02:43:01,143 INFO o.a.j.t.JMeterThread: Thread finished: 交易创建测试 2-28
2025-05-20 02:43:01,226 INFO o.a.j.t.JMeterThread: Thread is done: 交易创建测试 2-22
2025-05-20 02:43:01,227 INFO o.a.j.t.JMeterThread: Thread finished: 交易创建测试 2-22
2025-05-20 02:43:01,843 INFO o.a.j.t.JMeterThread: Thread is done: 交易创建测试 2-23
2025-05-20 02:43:01,844 INFO o.a.j.t.JMeterThread: Thread finished: 交易创建测试 2-23
2025-05-20 02:43:02,162 INFO o.a.j.t.JMeterThread: Thread is done: 交易创建测试 2-24
2025-05-20 02:43:02,162 INFO o.a.j.t.JMeterThread: Thread finished: 交易创建测试 2-24
2025-05-20 02:43:02,345 INFO o.a.j.t.JMeterThread: Thread is done: 交易创建测试 2-26
2025-05-20 02:43:02,345 INFO o.a.j.t.JMeterThread: Thread finished: 交易创建测试 2-26
2025-05-20 02:43:02,444 INFO o.a.j.t.JMeterThread: Thread is done: 交易创建测试 2-21
2025-05-20 02:43:02,444 INFO o.a.j.t.JMeterThread: Thread finished: 交易创建测试 2-21
2025-05-20 02:43:02,508 INFO o.a.j.t.JMeterThread: Thread is done: 交易创建测试 2-27
2025-05-20 02:43:02,508 INFO o.a.j.t.JMeterThread: Thread finished: 交易创建测试 2-27
2025-05-20 02:43:02,648 INFO o.a.j.t.JMeterThread: Thread is done: 交易创建测试 2-18
2025-05-20 02:43:02,648 INFO o.a.j.t.JMeterThread: Thread finished: 交易创建测试 2-18
2025-05-20 02:43:03,326 INFO o.a.j.t.JMeterThread: Thread is done: 交易创建测试 2-20
2025-05-20 02:43:03,326 INFO o.a.j.t.JMeterThread: Thread finished: 交易创建测试 2-20
2025-05-20 02:43:05,262 INFO o.a.j.t.JMeterThread: Thread is done: 交易创建测试 2-29
2025-05-20 02:43:05,262 INFO o.a.j.t.JMeterThread: Thread finished: 交易创建测试 2-29
2025-05-20 02:43:05,711 INFO o.a.j.t.JMeterThread: Thread is done: 分页查询测试 3-3
2025-05-20 02:43:05,711 INFO o.a.j.t.JMeterThread: Thread finished: 分页查询测试 3-3
2025-05-20 02:43:05,768 INFO o.a.j.t.JMeterThread: Thread is done: 分页查询测试 3-5
2025-05-20 02:43:05,768 INFO o.a.j.t.JMeterThread: Thread finished: 分页查询测试 3-5
2025-05-20 02:43:06,374 INFO o.a.j.t.JMeterThread: Thread is done: 分页查询测试 3-2
2025-05-20 02:43:06,375 INFO o.a.j.t.JMeterThread: Thread finished: 分页查询测试 3-2
2025-05-20 02:43:06,452 INFO o.a.j.t.JMeterThread: Thread is done: 分页查询测试 3-6
2025-05-20 02:43:06,452 INFO o.a.j.t.JMeterThread: Thread finished: 分页查询测试 3-6
2025-05-20 02:43:06,674 INFO o.a.j.t.JMeterThread: Thread is done: 分页查询测试 3-10
2025-05-20 02:43:06,674 INFO o.a.j.t.JMeterThread: Thread finished: 分页查询测试 3-10
2025-05-20 02:43:07,962 INFO o.a.j.t.JMeterThread: Thread is done: 分页查询测试 3-4
2025-05-20 02:43:07,962 INFO o.a.j.t.JMeterThread: Thread finished: 分页查询测试 3-4
2025-05-20 02:43:08,050 INFO o.a.j.t.JMeterThread: Thread is done: 分页查询测试 3-12
2025-05-20 02:43:08,050 INFO o.a.j.t.JMeterThread: Thread finished: 分页查询测试 3-12
2025-05-20 02:43:08,189 INFO o.a.j.t.JMeterThread: Thread is done: 分页查询测试 3-24
2025-05-20 02:43:08,189 INFO o.a.j.t.JMeterThread: Thread finished: 分页查询测试 3-24
2025-05-20 02:43:08,210 INFO o.a.j.t.JMeterThread: Thread is done: 分页查询测试 3-16
2025-05-20 02:43:08,210 INFO o.a.j.t.JMeterThread: Thread finished: 分页查询测试 3-16
2025-05-20 02:43:08,302 INFO o.a.j.t.JMeterThread: Thread is done: 分页查询测试 3-21
2025-05-20 02:43:08,303 INFO o.a.j.t.JMeterThread: Thread finished: 分页查询测试 3-21
2025-05-20 02:43:08,367 INFO o.a.j.t.JMeterThread: Thread is done: 分页查询测试 3-33
2025-05-20 02:43:08,367 INFO o.a.j.t.JMeterThread: Thread finished: 分页查询测试 3-33
2025-05-20 02:43:08,560 INFO o.a.j.t.JMeterThread: Thread is done: 分页查询测试 3-28
2025-05-20 02:43:08,560 INFO o.a.j.t.JMeterThread: Thread finished: 分页查询测试 3-28
2025-05-20 02:43:08,626 INFO o.a.j.t.JMeterThread: Thread is done: 分页查询测试 3-1
2025-05-20 02:43:08,626 INFO o.a.j.t.JMeterThread: Thread finished: 分页查询测试 3-1
2025-05-20 02:43:08,850 INFO o.a.j.t.JMeterThread: Thread is done: 分页查询测试 3-18
2025-05-20 02:43:08,850 INFO o.a.j.t.JMeterThread: Thread finished: 分页查询测试 3-18
2025-05-20 02:43:08,991 INFO o.a.j.t.JMeterThread: Thread is done: 分页查询测试 3-9
2025-05-20 02:43:08,991 INFO o.a.j.t.JMeterThread: Thread finished: 分页查询测试 3-9
2025-05-20 02:43:09,132 INFO o.a.j.t.JMeterThread: Thread is done: 分页查询测试 3-7
2025-05-20 02:43:09,132 INFO o.a.j.t.JMeterThread: Thread finished: 分页查询测试 3-7
2025-05-20 02:43:09,176 INFO o.a.j.t.JMeterThread: Thread is done: 分页查询测试 3-22
2025-05-20 02:43:09,176 INFO o.a.j.t.JMeterThread: Thread finished: 分页查询测试 3-22
2025-05-20 02:43:09,370 INFO o.a.j.t.JMeterThread: Thread is done: 分页查询测试 3-43
2025-05-20 02:43:09,370 INFO o.a.j.t.JMeterThread: Thread finished: 分页查询测试 3-43
2025-05-20 02:43:09,659 INFO o.a.j.t.JMeterThread: Thread is done: 分页查询测试 3-17
2025-05-20 02:43:09,659 INFO o.a.j.t.JMeterThread: Thread finished: 分页查询测试 3-17
2025-05-20 02:43:09,881 INFO o.a.j.t.JMeterThread: Thread is done: 分页查询测试 3-11
2025-05-20 02:43:09,881 INFO o.a.j.t.JMeterThread: Thread finished: 分页查询测试 3-11
2025-05-20 02:43:12,152 INFO o.a.j.t.JMeterThread: Thread is done: 分页查询测试 3-14
2025-05-20 02:43:12,152 INFO o.a.j.t.JMeterThread: Thread finished: 分页查询测试 3-14
2025-05-20 02:43:13,992 INFO o.a.j.t.JMeterThread: Thread is done: 分页查询测试 3-20
2025-05-20 02:43:13,992 INFO o.a.j.t.JMeterThread: Thread finished: 分页查询测试 3-20
2025-05-20 02:43:14,116 INFO o.a.j.t.JMeterThread: Thread is done: 分页查询测试 3-19
2025-05-20 02:43:14,117 INFO o.a.j.t.JMeterThread: Thread finished: 分页查询测试 3-19
2025-05-20 02:43:14,213 INFO o.a.j.t.JMeterThread: Thread is done: 分页查询测试 3-40
2025-05-20 02:43:14,213 INFO o.a.j.t.JMeterThread: Thread finished: 分页查询测试 3-40
2025-05-20 02:43:14,409 INFO o.a.j.t.JMeterThread: Thread is done: 分页查询测试 3-26
2025-05-20 02:43:14,409 INFO o.a.j.t.JMeterThread: Thread finished: 分页查询测试 3-26
2025-05-20 02:43:15,125 INFO o.a.j.t.JMeterThread: Thread is done: 分页查询测试 3-8
2025-05-20 02:43:15,126 INFO o.a.j.t.JMeterThread: Thread finished: 分页查询测试 3-8
2025-05-20 02:43:15,506 INFO o.a.j.t.JMeterThread: Thread is done: 分页查询测试 3-30
2025-05-20 02:43:15,506 INFO o.a.j.t.JMeterThread: Thread finished: 分页查询测试 3-30
2025-05-20 02:43:15,509 INFO o.a.j.t.JMeterThread: Thread is done: 分页查询测试 3-13
2025-05-20 02:43:15,509 INFO o.a.j.t.JMeterThread: Thread finished: 分页查询测试 3-13
2025-05-20 02:43:15,681 INFO o.a.j.t.JMeterThread: Thread is done: 分页查询测试 3-35
2025-05-20 02:43:15,681 INFO o.a.j.t.JMeterThread: Thread finished: 分页查询测试 3-35
2025-05-20 02:43:15,914 INFO o.a.j.t.JMeterThread: Thread is done: 分页查询测试 3-32
2025-05-20 02:43:15,919 INFO o.a.j.t.JMeterThread: Thread finished: 分页查询测试 3-32
2025-05-20 02:43:15,960 INFO o.a.j.t.JMeterThread: Thread is done: 分页查询测试 3-15
2025-05-20 02:43:15,960 INFO o.a.j.t.JMeterThread: Thread finished: 分页查询测试 3-15
2025-05-20 02:43:15,992 INFO o.a.j.t.JMeterThread: Thread is done: 分页查询测试 3-34
2025-05-20 02:43:15,992 INFO o.a.j.t.JMeterThread: Thread finished: 分页查询测试 3-34
2025-05-20 02:43:16,006 INFO o.a.j.t.JMeterThread: Thread is done: 分页查询测试 3-23
2025-05-20 02:43:16,006 INFO o.a.j.t.JMeterThread: Thread finished: 分页查询测试 3-23
2025-05-20 02:43:16,060 INFO o.a.j.t.JMeterThread: Thread is done: 分页查询测试 3-38
2025-05-20 02:43:16,060 INFO o.a.j.t.JMeterThread: Thread finished: 分页查询测试 3-38
2025-05-20 02:43:16,286 INFO o.a.j.t.JMeterThread: Thread is done: 分页查询测试 3-37
2025-05-20 02:43:16,286 INFO o.a.j.t.JMeterThread: Thread finished: 分页查询测试 3-37
2025-05-20 02:43:16,314 INFO o.a.j.t.JMeterThread: Thread is done: 分页查询测试 3-44
2025-05-20 02:43:16,315 INFO o.a.j.t.JMeterThread: Thread finished: 分页查询测试 3-44
2025-05-20 02:43:16,332 INFO o.a.j.t.JMeterThread: Thread is done: 分页查询测试 3-29
2025-05-20 02:43:16,332 INFO o.a.j.t.JMeterThread: Thread finished: 分页查询测试 3-29
2025-05-20 02:43:16,437 INFO o.a.j.t.JMeterThread: Thread is done: 分页查询测试 3-25
2025-05-20 02:43:16,438 INFO o.a.j.t.JMeterThread: Thread finished: 分页查询测试 3-25
2025-05-20 02:43:16,515 INFO o.a.j.t.JMeterThread: Thread is done: 分页查询测试 3-42
2025-05-20 02:43:16,515 INFO o.a.j.t.JMeterThread: Thread finished: 分页查询测试 3-42
2025-05-20 02:43:16,565 INFO o.a.j.t.JMeterThread: Thread is done: 分页查询测试 3-31
2025-05-20 02:43:16,566 INFO o.a.j.t.JMeterThread: Thread finished: 分页查询测试 3-31
2025-05-20 02:43:16,616 INFO o.a.j.t.JMeterThread: Thread is done: 分页查询测试 3-48
2025-05-20 02:43:16,616 INFO o.a.j.t.JMeterThread: Thread finished: 分页查询测试 3-48
2025-05-20 02:43:16,717 INFO o.a.j.t.JMeterThread: Thread is done: 分页查询测试 3-27
2025-05-20 02:43:16,717 INFO o.a.j.t.JMeterThread: Thread finished: 分页查询测试 3-27
2025-05-20 02:43:16,850 INFO o.a.j.t.JMeterThread: Thread is done: 分页查询测试 3-50
2025-05-20 02:43:16,850 INFO o.a.j.t.JMeterThread: Thread finished: 分页查询测试 3-50
2025-05-20 02:43:16,912 INFO o.a.j.t.JMeterThread: Thread is done: 分页查询测试 3-36
2025-05-20 02:43:16,912 INFO o.a.j.t.JMeterThread: Thread finished: 分页查询测试 3-36
2025-05-20 02:43:17,062 INFO o.a.j.t.JMeterThread: Thread is done: 分页查询测试 3-49
2025-05-20 02:43:17,062 INFO o.a.j.t.JMeterThread: Thread finished: 分页查询测试 3-49
2025-05-20 02:43:17,110 INFO o.a.j.t.JMeterThread: Thread is done: 分页查询测试 3-45
2025-05-20 02:43:17,110 INFO o.a.j.t.JMeterThread: Thread finished: 分页查询测试 3-45
2025-05-20 02:43:17,302 INFO o.a.j.t.JMeterThread: Thread is done: 分页查询测试 3-39
2025-05-20 02:43:17,302 INFO o.a.j.t.JMeterThread: Thread finished: 分页查询测试 3-39
2025-05-20 02:43:17,371 INFO o.a.j.t.JMeterThread: Thread is done: 分页查询测试 3-46
2025-05-20 02:43:17,371 INFO o.a.j.t.JMeterThread: Thread finished: 分页查询测试 3-46
2025-05-20 02:43:17,375 INFO o.a.j.t.JMeterThread: Thread is done: 分页查询测试 3-41
2025-05-20 02:43:17,375 INFO o.a.j.t.JMeterThread: Thread finished: 分页查询测试 3-41
2025-05-20 02:43:17,446 INFO o.a.j.t.JMeterThread: Thread is done: 分页查询测试 3-47
2025-05-20 02:43:17,446 INFO o.a.j.t.JMeterThread: Thread finished: 分页查询测试 3-47
2025-05-20 02:43:17,465 INFO o.a.j.e.StandardJMeterEngine: Notifying test listeners of end of test
2025-05-20 02:43:17,498 INFO o.a.j.r.Summariser: summary +    379 in 00:00:17 =   21.7/s Avg:  1909 Min:   110 Max:  6426 Err:     0 (0.00%) Active: 0 Started: 111 Finished: 111
2025-05-20 02:43:17,499 INFO o.a.j.r.Summariser: summary =  19002 in 00:06:37 =   47.9/s Avg:  1646 Min:     1 Max:  8173 Err:     2 (0.01%)
2025-05-20 02:43:17,510 INFO o.a.j.JMeter: Generating Dashboard
2025-05-20 02:43:17,510 INFO o.a.j.r.d.ReportGenerator: Flushing result collector before report Generation
2025-05-20 02:43:18,000 INFO o.a.j.r.p.NormalizerSampleConsumer: Using format, 'ms', to parse timeStamp field
2025-05-20 02:43:23,335 INFO o.a.j.r.p.AbstractSampleConsumer: class org.apache.jmeter.report.processor.AggregateConsumer#stopProducing(): beginDate produced 0 samples
2025-05-20 02:43:23,336 INFO o.a.j.r.p.AbstractSampleConsumer: class org.apache.jmeter.report.processor.AggregateConsumer#stopProducing(): endDate produced 0 samples
2025-05-20 02:43:23,356 INFO o.a.j.r.p.AbstractSampleConsumer: class org.apache.jmeter.report.processor.ApdexSummaryConsumer#stopProducing(): apdexSummary produced 0 samples
2025-05-20 02:43:23,356 INFO o.a.j.r.p.AbstractSampleConsumer: class org.apache.jmeter.report.processor.RequestsSummaryConsumer#stopProducing(): requestsSummary produced 0 samples
2025-05-20 02:43:23,453 INFO o.a.j.r.p.AbstractSampleConsumer: class org.apache.jmeter.report.processor.StatisticsSummaryConsumer#stopProducing(): statisticsSummary produced 0 samples
2025-05-20 02:43:23,482 INFO o.a.j.r.p.AbstractSampleConsumer: class org.apache.jmeter.report.processor.Top5ErrorsBySamplerConsumer#stopProducing(): top5ErrorsBySampler produced 0 samples
2025-05-20 02:43:23,482 INFO o.a.j.r.p.AbstractSampleConsumer: class org.apache.jmeter.report.processor.ErrorsSummaryConsumer#stopProducing(): errorsSummary produced 0 samples
2025-05-20 02:43:23,482 INFO o.a.j.r.p.AbstractSampleConsumer: class org.apache.jmeter.report.processor.graph.impl.HitsPerSecondGraphConsumer#stopProducing(): hitsPerSecond produced 0 samples
2025-05-20 02:43:24,189 INFO o.a.j.r.p.AbstractSampleConsumer: class org.apache.jmeter.report.processor.graph.impl.LatencyVSRequestGraphConsumer#stopProducing(): latencyVsRequest produced 0 samples
2025-05-20 02:43:24,198 INFO o.a.j.r.p.AbstractSampleConsumer: class org.apache.jmeter.report.processor.graph.impl.SyntheticResponseTimeDistributionGraphConsumer#stopProducing(): syntheticResponseTimeDistribution produced 0 samples
2025-05-20 02:43:24,200 INFO o.a.j.r.p.AbstractSampleConsumer: class org.apache.jmeter.report.processor.graph.impl.BytesThroughputGraphConsumer#stopProducing(): bytesThroughputOverTime produced 0 samples
2025-05-20 02:43:24,201 INFO o.a.j.r.p.AbstractSampleConsumer: class org.apache.jmeter.report.processor.graph.impl.CodesPerSecondGraphConsumer#stopProducing(): codesPerSecond produced 0 samples
2025-05-20 02:43:24,615 INFO o.a.j.r.p.AbstractSampleConsumer: class org.apache.jmeter.report.processor.graph.impl.ResponseTimeVSRequestGraphConsumer#stopProducing(): responseTimeVsRequest produced 0 samples
2025-05-20 02:43:24,618 INFO o.a.j.r.p.AbstractSampleConsumer: class org.apache.jmeter.report.processor.FilterConsumer#stopProducing(): startIntervalControlerFilter produced 133014 samples
2025-05-20 02:43:24,618 INFO o.a.j.r.p.AbstractSampleConsumer: class org.apache.jmeter.report.processor.graph.impl.TotalTPSGraphConsumer#stopProducing(): totalTPS produced 0 samples
2025-05-20 02:43:24,618 INFO o.a.j.r.p.AbstractSampleConsumer: class org.apache.jmeter.report.processor.graph.impl.ActiveThreadsGraphConsumer#stopProducing(): activeThreadsOverTime produced 0 samples
2025-05-20 02:43:24,618 INFO o.a.j.r.p.AbstractSampleConsumer: class org.apache.jmeter.report.processor.graph.impl.TimeVSThreadGraphConsumer#stopProducing(): timeVsThreads produced 0 samples
2025-05-20 02:43:24,620 INFO o.a.j.r.p.AbstractSampleConsumer: class org.apache.jmeter.report.processor.graph.impl.ResponseTimeDistributionGraphConsumer#stopProducing(): responseTimeDistribution produced 0 samples
2025-05-20 02:43:24,620 INFO o.a.j.r.p.AbstractSampleConsumer: class org.apache.jmeter.report.processor.graph.impl.TransactionsPerSecondGraphConsumer#stopProducing(): transactionsPerSecond produced 0 samples
2025-05-20 02:43:24,621 INFO o.a.j.r.p.AbstractSampleConsumer: class org.apache.jmeter.report.processor.graph.impl.ResponseTimePercentilesGraphConsumer#stopProducing(): responseTimePercentiles produced 0 samples
2025-05-20 02:43:24,646 INFO o.a.j.r.p.AbstractSampleConsumer: class org.apache.jmeter.report.processor.graph.impl.ResponseTimePercentilesOverTimeGraphConsumer#stopProducing(): responseTimePercentilesOverTime produced 0 samples
2025-05-20 02:43:24,650 INFO o.a.j.r.p.AbstractSampleConsumer: class org.apache.jmeter.report.processor.graph.impl.ResponseTimeOverTimeGraphConsumer#stopProducing(): responseTimesOverTime produced 0 samples
2025-05-20 02:43:24,651 INFO o.a.j.r.p.AbstractSampleConsumer: class org.apache.jmeter.report.processor.graph.impl.ConnectTimeOverTimeGraphConsumer#stopProducing(): connectTimeOverTime produced 0 samples
2025-05-20 02:43:24,651 INFO o.a.j.r.p.AbstractSampleConsumer: class org.apache.jmeter.report.processor.graph.impl.LatencyOverTimeGraphConsumer#stopProducing(): latenciesOverTime produced 0 samples
2025-05-20 02:43:24,651 INFO o.a.j.r.p.AbstractSampleConsumer: class org.apache.jmeter.report.processor.FilterConsumer#stopProducing(): nameFilter produced 285030 samples
2025-05-20 02:43:24,651 INFO o.a.j.r.p.AbstractSampleConsumer: class org.apache.jmeter.report.processor.FilterConsumer#stopProducing(): dateRangeFilter produced 57006 samples
2025-05-20 02:43:24,651 INFO o.a.j.r.p.AbstractSampleConsumer: class org.apache.jmeter.report.processor.NormalizerSampleConsumer#stopProducing(): normalizer produced 19002 samples
2025-05-20 02:43:24,653 INFO o.a.j.r.p.CsvFileSampleSource: produce(): 19002 samples produced in 6s 420 ms on channel 0
2025-05-20 02:43:24,653 INFO o.a.j.r.d.ReportGenerator: Exporting data using exporter:'json' of className:'org.apache.jmeter.report.dashboard.JsonExporter'
2025-05-20 02:43:25,121 INFO o.a.j.r.d.JsonExporter: Found data for consumer statisticsSummary in context
2025-05-20 02:43:25,122 INFO o.a.j.r.d.JsonExporter: Creating statistics for overall
2025-05-20 02:43:25,123 INFO o.a.j.r.d.JsonExporter: Creating statistics for other transactions
2025-05-20 02:43:25,124 INFO o.a.j.r.d.JsonExporter: Checking output folder
2025-05-20 02:43:25,125 INFO o.a.j.r.d.JsonExporter: Writing statistics JSON to /Users/fly/Documents/dev/self/hsbchomework/target/jmeter-reports/report_20250520_023632/statistics.json
2025-05-20 02:43:25,342 INFO o.a.j.r.d.ReportGenerator: Exporting data using exporter:'html' of className:'org.apache.jmeter.report.dashboard.HtmlTemplateExporter'
2025-05-20 02:43:25,348 INFO o.a.j.r.d.HtmlTemplateExporter: Will generate dashboard in folder: /Users/fly/Documents/dev/self/hsbchomework/target/jmeter-reports/report_20250520_023632
2025-05-20 02:43:26,101 INFO o.a.j.r.d.HtmlTemplateExporter: Report will be generated in: /Users/fly/Documents/dev/self/hsbchomework/target/jmeter-reports/report_20250520_023632, creating folder structure
2025-05-20 02:43:26,109 INFO o.a.j.r.d.TemplateVisitor: Copying folder from '/Users/fly/software/apache-jmeter-5.6.3/bin/report-template' to '/Users/fly/Documents/dev/self/hsbchomework/target/jmeter-reports/report_20250520_023632', got message: /Users/fly/Documents/dev/self/hsbchomework/target/jmeter-reports/report_20250520_023632, found non empty folder with following content [/Users/fly/Documents/dev/self/hsbchomework/target/jmeter-reports/report_20250520_023632/statistics.json], will be ignored
2025-05-20 02:43:27,934 INFO o.a.j.JMeter: Dashboard generated
